<?xml version="1.0" encoding="UTF-8"?>
<!-- Generated by org.testng.reporters.JUnitReportReporter -->
<testsuite skipped="0" hostname="DESKTOP-0033" name="Testing_suite" tests="2" failures="0" timestamp="06 Feb 2019 12:26:29 GMT" time="0.012" errors="0">
  <testcase name="f" time="0.007" classname="Testing_suite"/>
  <testcase name="f1" time="0.005" classname="Testing_suite"/>
</testsuite> <!-- Testing_suite -->
