<?xml version="1.0" encoding="UTF-8"?>
<!-- Generated by org.testng.reporters.JUnitReportReporter -->
<testsuite skipped="0" hostname="DESKTOP-0033" name="Verify_Qiss_Homepage" tests="2" failures="0" timestamp="15 Feb 2019 12:46:56 GMT" time="157.409" errors="0">
  <testcase name="verify_links" time="144.944" classname="Verify_Qiss_Homepage"/>
  <testcase name="verify_language" time="12.465" classname="Verify_Qiss_Homepage"/>
</testsuite> <!-- Verify_Qiss_Homepage -->
