<?xml version="1.0" encoding="UTF-8"?>
<!-- Generated by org.testng.reporters.JUnitReportReporter -->
<testsuite skipped="0" hostname="DESKTOP-0033" name="VehicleTestNG" tests="1" failures="0" timestamp="28 Jan 2019 15:09:42 GMT" time="5.112" errors="0">
  <testcase name="allVehcileMethod" time="5.112" classname="VehicleTestNG"/>
</testsuite> <!-- VehicleTestNG -->
