<?xml version="1.0" encoding="UTF-8"?>
<!-- Generated by org.testng.reporters.JUnitReportReporter -->
<testsuite skipped="0" hostname="DESKTOP-0033" name="View_Vehicle_Dispatcher_Company" tests="3" failures="0" timestamp="15 Feb 2019 11:57:05 GMT" time="746.122" errors="0">
  <testcase name="Test_Case_1_Company_details" time="391.484" classname="View_Vehicle_Dispatcher_Company"/>
  <testcase name="Test_Case_3_View_Vehicles_Page_" time="248.932" classname="View_Vehicle_Dispatcher_Company"/>
  <testcase name="Test_Case_2_Dispatcher_details" time="105.706" classname="View_Vehicle_Dispatcher_Company"/>
</testsuite> <!-- View_Vehicle_Dispatcher_Company -->
