<?xml version="1.0" encoding="UTF-8"?>
<!-- Generated by org.testng.reporters.JUnitReportReporter -->
<testsuite skipped="0" hostname="DESKTOP-0033" name="Chrome" tests="1" failures="0" timestamp="31 May 2018 08:59:12 GMT" time="238.931" errors="0">
  <testcase name="Test_1_Vehicle_maintain_page" time="238.931" classname="Chrome"/>
</testsuite> <!-- Chrome -->
