<?xml version="1.0" encoding="UTF-8"?>
<!-- Generated by org.testng.reporters.JUnitReportReporter -->
<testsuite skipped="0" hostname="DESKTOP-0033" name="TestDemo" tests="1" failures="0" timestamp="29 Jan 2019 07:57:57 GMT" time="8.860" errors="0">
  <testcase name="Test_Case_1_Company_details" time="8.860" classname="TestDemo"/>
</testsuite> <!-- TestDemo -->
