<?xml version="1.0" encoding="UTF-8"?>
<!-- Generated by org.testng.reporters.JUnitReportReporter -->
<testsuite skipped="0" hostname="DESKTOP-0033" name="Vehicle_details" tests="1" failures="0" timestamp="17 Jun 2018 08:54:35 GMT" time="238.962" errors="0">
  <testcase name="Test_1_Vehicle_maintain_page" time="238.962" classname="Vehicle_details"/>
</testsuite> <!-- Vehicle_details -->
